0 info it worked if it ends with ok
1 verbose cli [ '/usr/bin/nodejs',
1 verbose cli   '/usr/bin/npm',
1 verbose cli   'run',
1 verbose cli   'markdown-pdf',
1 verbose cli   'README.md',
1 verbose cli   '-o',
1 verbose cli   'kk385830/README.pdf' ]
2 info using npm@3.5.2
3 info using node@v4.2.6
4 verbose stack Error: ENOENT: no such file or directory, open '/home/kowal/CLionProjects/pw-validator/package.json'
4 verbose stack     at Error (native)
5 verbose cwd /home/kowal/CLionProjects/pw-validator
6 error Linux 4.13.0-26-generic
7 error argv "/usr/bin/nodejs" "/usr/bin/npm" "run" "markdown-pdf" "README.md" "-o" "kk385830/README.pdf"
8 error node v4.2.6
9 error npm  v3.5.2
10 error path /home/kowal/CLionProjects/pw-validator/package.json
11 error code ENOENT
12 error errno -2
13 error syscall open
14 error enoent ENOENT: no such file or directory, open '/home/kowal/CLionProjects/pw-validator/package.json'
15 error enoent ENOENT: no such file or directory, open '/home/kowal/CLionProjects/pw-validator/package.json'
15 error enoent This is most likely not a problem with npm itself
15 error enoent and is related to npm not being able to find a file.
16 verbose exit [ -2, true ]
